> Task :app:checkKotlinGradlePluginConfigurationErrors
> Task :app:preBuild UP-TO-DATE
> Task :app:preDebugBuild UP-TO-DATE
> Task :app:dataBindingMergeDependencyArtifactsDebug UP-TO-DATE
> Task :app:generateDebugResValues UP-TO-DATE
> Task :app:generateDebugResources UP-TO-DATE
> Task :app:mergeDebugResources UP-TO-DATE
> Task :app:packageDebugResources UP-TO-DATE
> Task :app:parseDebugLocalResources UP-TO-DATE
> Task :app:dataBindingGenBaseClassesDebug UP-TO-DATE
> Task :app:checkDebugAarMetadata UP-TO-DATE
> Task :app:mapDebugSourceSetPaths UP-TO-DATE
> Task :app:createDebugCompatibleScreenManifests UP-TO-DATE
> Task :app:extractDeepLinksDebug UP-TO-DATE
> Task :app:processDebugMainManifest UP-TO-DATE
> Task :app:processDebugManifest UP-TO-DATE
> Task :app:processDebugManifestForPackage UP-TO-DATE
> Task :app:processDebugResources UP-TO-DATE

> Task :app:compileDebugKotlin FAILED
e: file:///home/mohammadadi/SleepAudio/app/src/main/kotlin/org/lineageos/sleepaudio/data/PresetRepository.kt:5:12 Unresolved reference: n
e: file:///home/mohammadadi/SleepAudio/app/src/main/kotlin/org/lineageos/sleepaudio/service/SleepAudioController.kt:35:14 Unresolved reference: prefs
e: file:///home/mohammadadi/SleepAudio/app/src/main/kotlin/org/lineageos/sleepaudio/service/SleepAudioController.kt:48:28 Unresolved reference: VARIANT_FAVOR_FREQUENCY_RESOLUTION
e: file:///home/mohammadadi/SleepAudio/app/src/main/kotlin/org/lineageos/sleepaudio/service/SleepAudioController.kt:49:30 The boolean literal does not conform to the expected type Int
e: file:///home/mohammadadi/SleepAudio/app/src/main/kotlin/org/lineageos/sleepaudio/service/SleepAudioController.kt:49:42 The boolean literal does not conform to the expected type Int
e: file:///home/mohammadadi/SleepAudio/app/src/main/kotlin/org/lineageos/sleepaudio/service/SleepAudioController.kt:49:42 No value passed for parameter 'p6'
e: file:///home/mohammadadi/SleepAudio/app/src/main/kotlin/org/lineageos/sleepaudio/service/SleepAudioController.kt:49:42 No value passed for parameter 'p7'
e: file:///home/mohammadadi/SleepAudio/app/src/main/kotlin/org/lineageos/sleepaudio/service/SleepAudioController.kt:49:42 No value passed for parameter 'p8'
e: file:///home/mohammadadi/SleepAudio/app/src/main/kotlin/org/lineageos/sleepaudio/service/SleepAudioController.kt:52:25 Unresolved reference: setMbcBandCount
e: file:///home/mohammadadi/SleepAudio/app/src/main/kotlin/org/lineageos/sleepaudio/service/SleepAudioController.kt:53:25 Unresolved reference: setPostEqBandCount
e: file:///home/mohammadadi/SleepAudio/app/src/main/kotlin/org/lineageos/sleepaudio/service/SleepAudioController.kt:54:25 Unresolved reference: setPreEqBandCount
e: file:///home/mohammadadi/SleepAudio/app/src/main/kotlin/org/lineageos/sleepaudio/service/SleepAudioController.kt:137:23 Unresolved reference: prefs
e: file:///home/mohammadadi/SleepAudio/app/src/main/kotlin/org/lineageos/sleepaudio/service/SleepAudioController.kt:146:22 Unresolved reference: prefs
e: file:///home/mohammadadi/SleepAudio/app/src/main/kotlin/org/lineageos/sleepaudio/service/SleepAudioController.kt:149:34 Type mismatch: inferred type is Int but Short was expected
e: file:///home/mohammadadi/SleepAudio/app/src/main/kotlin/org/lineageos/sleepaudio/service/SleepAudioController.kt:159:26 Unresolved reference: limiter
e: file:///home/mohammadadi/SleepAudio/app/src/main/kotlin/org/lineageos/sleepaudio/service/SleepAudioController.kt:160:23 Unresolved reference: prefs
e: file:///home/mohammadadi/SleepAudio/app/src/main/kotlin/org/lineageos/sleepaudio/service/SleepAudioController.kt:162:17 Variable expected
e: file:///home/mohammadadi/SleepAudio/app/src/main/kotlin/org/lineageos/sleepaudio/service/SleepAudioController.kt:164:26 Unresolved reference: prefs
e: file:///home/mohammadadi/SleepAudio/app/src/main/kotlin/org/lineageos/sleepaudio/service/SleepAudioController.kt:165:27 Unresolved reference: prefs
e: file:///home/mohammadadi/SleepAudio/app/src/main/kotlin/org/lineageos/sleepaudio/service/SleepAudioController.kt:166:25 Unresolved reference: prefs
e: file:///home/mohammadadi/SleepAudio/app/src/main/kotlin/org/lineageos/sleepaudio/service/SleepAudioController.kt:167:29 Unresolved reference: prefs
e: file:///home/mohammadadi/SleepAudio/app/src/main/kotlin/org/lineageos/sleepaudio/service/SleepAudioController.kt:169:21 Variable expected
e: file:///home/mohammadadi/SleepAudio/app/src/main/kotlin/org/lineageos/sleepaudio/service/SleepAudioController.kt:170:21 Variable expected
e: file:///home/mohammadadi/SleepAudio/app/src/main/kotlin/org/lineageos/sleepaudio/service/SleepAudioController.kt:171:21 Variable expected
e: file:///home/mohammadadi/SleepAudio/app/src/main/kotlin/org/lineageos/sleepaudio/service/SleepAudioController.kt:172:21 Variable expected
e: file:///home/mohammadadi/SleepAudio/app/src/main/kotlin/org/lineageos/sleepaudio/service/SleepAudioController.kt:173:21 Variable expected
e: file:///home/mohammadadi/SleepAudio/app/src/main/kotlin/org/lineageos/sleepaudio/service/SleepAudioController.kt:173:37 Overload resolution ambiguity: 
public final operator fun minus(other: Byte): Float defined in kotlin.Float
public final operator fun minus(other: Double): Double defined in kotlin.Float
public final operator fun minus(other: Float): Float defined in kotlin.Float
public final operator fun minus(other: Int): Float defined in kotlin.Float
public final operator fun minus(other: Long): Float defined in kotlin.Float
public final operator fun minus(other: Short): Float defined in kotlin.Float
e: file:///home/mohammadadi/SleepAudio/app/src/main/kotlin/org/lineageos/sleepaudio/service/SleepAudioController.kt:175:12 Unresolved reference: limiter
e: file:///home/mohammadadi/SleepAudio/app/src/main/kotlin/org/lineageos/sleepaudio/service/SleepAudioController.kt:182:22 Unresolved reference: mbc
e: file:///home/mohammadadi/SleepAudio/app/src/main/kotlin/org/lineageos/sleepaudio/service/SleepAudioController.kt:187:15 Variable expected
e: file:///home/mohammadadi/SleepAudio/app/src/main/kotlin/org/lineageos/sleepaudio/service/SleepAudioController.kt:188:15 Variable expected
e: file:///home/mohammadadi/SleepAudio/app/src/main/kotlin/org/lineageos/sleepaudio/service/SleepAudioController.kt:190:12 Unresolved reference: mbc
e: file:///home/mohammadadi/SleepAudio/app/src/main/kotlin/org/lineageos/sleepaudio/service/SleepAudioController.kt:211:21 Unresolved reference: postEq
e: file:///home/mohammadadi/SleepAudio/app/src/main/kotlin/org/lineageos/sleepaudio/service/SleepAudioController.kt:213:14 Variable expected
e: file:///home/mohammadadi/SleepAudio/app/src/main/kotlin/org/lineageos/sleepaudio/service/SleepAudioController.kt:215:12 Unresolved reference: postEq
e: file:///home/mohammadadi/SleepAudio/app/src/main/kotlin/org/lineageos/sleepaudio/service/SleepAudioController.kt:222:22 Unresolved reference: mbc
e: file:///home/mohammadadi/SleepAudio/app/src/main/kotlin/org/lineageos/sleepaudio/service/SleepAudioController.kt:224:23 Unresolved reference: prefs
e: file:///home/mohammadadi/SleepAudio/app/src/main/kotlin/org/lineageos/sleepaudio/service/SleepAudioController.kt:225:24 Unresolved reference: prefs
e: file:///home/mohammadadi/SleepAudio/app/src/main/kotlin/org/lineageos/sleepaudio/service/SleepAudioController.kt:228:13 Variable expected
e: file:///home/mohammadadi/SleepAudio/app/src/main/kotlin/org/lineageos/sleepaudio/service/SleepAudioController.kt:235:19 Variable expected
e: file:///home/mohammadadi/SleepAudio/app/src/main/kotlin/org/lineageos/sleepaudio/service/SleepAudioController.kt:236:19 Variable expected
e: file:///home/mohammadadi/SleepAudio/app/src/main/kotlin/org/lineageos/sleepaudio/service/SleepAudioController.kt:237:19 Variable expected
e: file:///home/mohammadadi/SleepAudio/app/src/main/kotlin/org/lineageos/sleepaudio/service/SleepAudioController.kt:238:19 Variable expected
e: file:///home/mohammadadi/SleepAudio/app/src/main/kotlin/org/lineageos/sleepaudio/service/SleepAudioController.kt:239:19 Variable expected
e: file:///home/mohammadadi/SleepAudio/app/src/main/kotlin/org/lineageos/sleepaudio/service/SleepAudioController.kt:240:19 Variable expected
e: file:///home/mohammadadi/SleepAudio/app/src/main/kotlin/org/lineageos/sleepaudio/service/SleepAudioController.kt:241:19 Variable expected
e: file:///home/mohammadadi/SleepAudio/app/src/main/kotlin/org/lineageos/sleepaudio/service/SleepAudioController.kt:243:19 Variable expected
e: file:///home/mohammadadi/SleepAudio/app/src/main/kotlin/org/lineageos/sleepaudio/service/SleepAudioController.kt:249:15 Variable expected
e: file:///home/mohammadadi/SleepAudio/app/src/main/kotlin/org/lineageos/sleepaudio/service/SleepAudioController.kt:250:15 Variable expected
e: file:///home/mohammadadi/SleepAudio/app/src/main/kotlin/org/lineageos/sleepaudio/service/SleepAudioController.kt:253:12 Unresolved reference: mbc
e: file:///home/mohammadadi/SleepAudio/app/src/main/kotlin/org/lineageos/sleepaudio/service/SleepAudioController.kt:258:23 Unresolved reference: prefs
e: file:///home/mohammadadi/SleepAudio/app/src/main/kotlin/org/lineageos/sleepaudio/service/SleepAudioController.kt:259:24 Unresolved reference: prefs
e: file:///home/mohammadadi/SleepAudio/app/src/main/kotlin/org/lineageos/sleepaudio/service/SleepAudioController.kt:271:36 Type mismatch: inferred type is Int but Short was expected
e: file:///home/mohammadadi/SleepAudio/app/src/main/kotlin/org/lineageos/sleepaudio/service/SleepAudioController.kt:277:26 Unresolved reference: limiter
e: file:///home/mohammadadi/SleepAudio/app/src/main/kotlin/org/lineageos/sleepaudio/service/SleepAudioController.kt:278:23 Unresolved reference: prefs
e: file:///home/mohammadadi/SleepAudio/app/src/main/kotlin/org/lineageos/sleepaudio/service/SleepAudioController.kt:281:17 Variable expected
e: file:///home/mohammadadi/SleepAudio/app/src/main/kotlin/org/lineageos/sleepaudio/service/SleepAudioController.kt:283:21 Variable expected
e: file:///home/mohammadadi/SleepAudio/app/src/main/kotlin/org/lineageos/sleepaudio/service/SleepAudioController.kt:284:21 Variable expected
e: file:///home/mohammadadi/SleepAudio/app/src/main/kotlin/org/lineageos/sleepaudio/service/SleepAudioController.kt:285:21 Variable expected
e: file:///home/mohammadadi/SleepAudio/app/src/main/kotlin/org/lineageos/sleepaudio/service/SleepAudioController.kt:286:21 Variable expected
e: file:///home/mohammadadi/SleepAudio/app/src/main/kotlin/org/lineageos/sleepaudio/service/SleepAudioController.kt:287:21 Variable expected
e: file:///home/mohammadadi/SleepAudio/app/src/main/kotlin/org/lineageos/sleepaudio/service/SleepAudioController.kt:289:12 Unresolved reference: limiter
e: file:///home/mohammadadi/SleepAudio/app/src/main/kotlin/org/lineageos/sleepaudio/service/SleepAudioController.kt:294:21 Unresolved reference: postEq
e: file:///home/mohammadadi/SleepAudio/app/src/main/kotlin/org/lineageos/sleepaudio/service/SleepAudioController.kt:295:12 Variable expected
e: file:///home/mohammadadi/SleepAudio/app/src/main/kotlin/org/lineageos/sleepaudio/service/SleepAudioController.kt:297:23 Unresolved reference: prefs
e: file:///home/mohammadadi/SleepAudio/app/src/main/kotlin/org/lineageos/sleepaudio/service/SleepAudioController.kt:311:32 Unresolved reference: prefs
e: file:///home/mohammadadi/SleepAudio/app/src/main/kotlin/org/lineageos/sleepaudio/service/SleepAudioController.kt:317:29 Unresolved reference: prefs
e: file:///home/mohammadadi/SleepAudio/app/src/main/kotlin/org/lineageos/sleepaudio/service/SleepAudioController.kt:319:26 Unresolved reference: prefs
e: file:///home/mohammadadi/SleepAudio/app/src/main/kotlin/org/lineageos/sleepaudio/service/SleepAudioController.kt:323:22 Overload resolution ambiguity: 
public final operator fun plus(other: Byte): Float defined in kotlin.Float
public final operator fun plus(other: Double): Double defined in kotlin.Float
public final operator fun plus(other: Float): Float defined in kotlin.Float
public final operator fun plus(other: Int): Float defined in kotlin.Float
public final operator fun plus(other: Long): Float defined in kotlin.Float
public final operator fun plus(other: Short): Float defined in kotlin.Float
e: file:///home/mohammadadi/SleepAudio/app/src/main/kotlin/org/lineageos/sleepaudio/service/SleepAudioController.kt:331:18 Variable expected
e: file:///home/mohammadadi/SleepAudio/app/src/main/kotlin/org/lineageos/sleepaudio/service/SleepAudioController.kt:338:18 Variable expected
e: file:///home/mohammadadi/SleepAudio/app/src/main/kotlin/org/lineageos/sleepaudio/service/SleepAudioController.kt:341:12 Unresolved reference: postEq
e: file:///home/mohammadadi/SleepAudio/app/src/main/kotlin/org/lineageos/sleepaudio/service/SleepAudioController.kt:345:16 Unresolved reference: prefs
e: file:///home/mohammadadi/SleepAudio/app/src/main/kotlin/org/lineageos/sleepaudio/ui/EqualizerActivity.kt:32:61 Parameter name expected
e: file:///home/mohammadadi/SleepAudio/app/src/main/kotlin/org/lineageos/sleepaudio/ui/EqualizerActivity.kt:33:44 Expecting an expression
e: file:///home/mohammadadi/SleepAudio/app/src/main/kotlin/org/lineageos/sleepaudio/ui/EqualizerActivity.kt:33:44 Expecting ')'
e: file:///home/mohammadadi/SleepAudio/app/src/main/kotlin/org/lineageos/sleepaudio/ui/EqualizerActivity.kt:33:47 Unexpected tokens (use ';' to separate expressions on the same line)
e: file:///home/mohammadadi/SleepAudio/app/src/main/kotlin/org/lineageos/sleepaudio/ui/EqualizerActivity.kt:44:61 Parameter name expected
e: file:///home/mohammadadi/SleepAudio/app/src/main/kotlin/org/lineageos/sleepaudio/ui/EqualizerActivity.kt:45:51 Expecting an expression
e: file:///home/mohammadadi/SleepAudio/app/src/main/kotlin/org/lineageos/sleepaudio/ui/EqualizerActivity.kt:45:51 Expecting ')'
e: file:///home/mohammadadi/SleepAudio/app/src/main/kotlin/org/lineageos/sleepaudio/ui/EqualizerActivity.kt:45:54 Unexpected tokens (use ';' to separate expressions on the same line)
e: file:///home/mohammadadi/SleepAudio/app/src/main/kotlin/org/lineageos/sleepaudio/ui/EqualizerActivity.kt:56:61 Parameter name expected
e: file:///home/mohammadadi/SleepAudio/app/src/main/kotlin/org/lineageos/sleepaudio/ui/EqualizerActivity.kt:58:68 Expecting an expression
e: file:///home/mohammadadi/SleepAudio/app/src/main/kotlin/org/lineageos/sleepaudio/ui/EqualizerActivity.kt:58:68 Expecting ')'
e: file:///home/mohammadadi/SleepAudio/app/src/main/kotlin/org/lineageos/sleepaudio/ui/EqualizerActivity.kt:58:71 Unexpected tokens (use ';' to separate expressions on the same line)
e: file:///home/mohammadadi/SleepAudio/app/src/main/kotlin/org/lineageos/sleepaudio/ui/EqualizerActivity.kt:32:58 'val' on function parameter is not allowed
e: file:///home/mohammadadi/SleepAudio/app/src/main/kotlin/org/lineageos/sleepaudio/ui/EqualizerActivity.kt:44:58 'val' on function parameter is not allowed
e: file:///home/mohammadadi/SleepAudio/app/src/main/kotlin/org/lineageos/sleepaudio/ui/EqualizerActivity.kt:56:58 'val' on function parameter is not allowed

FAILURE: Build failed with an exception.

* What went wrong:
Execution failed for task ':app:compileDebugKotlin'.
> A failure occurred while executing org.jetbrains.kotlin.compilerRunner.GradleCompilerRunnerWithWorkers$GradleKotlinCompilerWorkAction
   > Compilation error. See log for more details

* Try:
> Run with --info or --debug option to get more log output.
> Run with --scan to get full insights.
> Get more help at https://help.gradle.org.

* Exception is:
org.gradle.api.tasks.TaskExecutionException: Execution failed for task ':app:compileDebugKotlin'.
	at org.gradle.api.internal.tasks.execution.ExecuteActionsTaskExecuter.lambda$executeIfValid$1(ExecuteActionsTaskExecuter.java:148)
	at org.gradle.internal.Try$Failure.ifSuccessfulOrElse(Try.java:282)
	at org.gradle.api.internal.tasks.execution.ExecuteActionsTaskExecuter.executeIfValid(ExecuteActionsTaskExecuter.java:146)
	at org.gradle.api.internal.tasks.execution.ExecuteActionsTaskExecuter.execute(ExecuteActionsTaskExecuter.java:134)
	at org.gradle.api.internal.tasks.execution.FinalizePropertiesTaskExecuter.execute(FinalizePropertiesTaskExecuter.java:46)
	at org.gradle.api.internal.tasks.execution.ResolveTaskExecutionModeExecuter.execute(ResolveTaskExecutionModeExecuter.java:51)
	at org.gradle.api.internal.tasks.execution.SkipTaskWithNoActionsExecuter.execute(SkipTaskWithNoActionsExecuter.java:57)
	at org.gradle.api.internal.tasks.execution.SkipOnlyIfTaskExecuter.execute(SkipOnlyIfTaskExecuter.java:74)
	at org.gradle.api.internal.tasks.execution.CatchExceptionTaskExecuter.execute(CatchExceptionTaskExecuter.java:36)
	at org.gradle.api.internal.tasks.execution.EventFiringTaskExecuter$1.executeTask(EventFiringTaskExecuter.java:77)
	at org.gradle.api.internal.tasks.execution.EventFiringTaskExecuter$1.call(EventFiringTaskExecuter.java:55)
	at org.gradle.api.internal.tasks.execution.EventFiringTaskExecuter$1.call(EventFiringTaskExecuter.java:52)
	at org.gradle.internal.operations.DefaultBuildOperationRunner$CallableBuildOperationWorker.execute(DefaultBuildOperationRunner.java:204)
	at org.gradle.internal.operations.DefaultBuildOperationRunner$CallableBuildOperationWorker.execute(DefaultBuildOperationRunner.java:199)
	at org.gradle.internal.operations.DefaultBuildOperationRunner$2.execute(DefaultBuildOperationRunner.java:66)
	at org.gradle.internal.operations.DefaultBuildOperationRunner$2.execute(DefaultBuildOperationRunner.java:59)
	at org.gradle.internal.operations.DefaultBuildOperationRunner.execute(DefaultBuildOperationRunner.java:157)
	at org.gradle.internal.operations.DefaultBuildOperationRunner.execute(DefaultBuildOperationRunner.java:59)
	at org.gradle.internal.operations.DefaultBuildOperationRunner.call(DefaultBuildOperationRunner.java:53)
	at org.gradle.internal.operations.DefaultBuildOperationExecutor.call(DefaultBuildOperationExecutor.java:73)
	at org.gradle.api.internal.tasks.execution.EventFiringTaskExecuter.execute(EventFiringTaskExecuter.java:52)
	at org.gradle.execution.plan.LocalTaskNodeExecutor.execute(LocalTaskNodeExecutor.java:42)
	at org.gradle.execution.taskgraph.DefaultTaskExecutionGraph$InvokeNodeExecutorsAction.execute(DefaultTaskExecutionGraph.java:331)
	at org.gradle.execution.taskgraph.DefaultTaskExecutionGraph$InvokeNodeExecutorsAction.execute(DefaultTaskExecutionGraph.java:318)
	at org.gradle.execution.taskgraph.DefaultTaskExecutionGraph$BuildOperationAwareExecutionAction.lambda$execute$0(DefaultTaskExecutionGraph.java:314)
	at org.gradle.internal.operations.CurrentBuildOperationRef.with(CurrentBuildOperationRef.java:80)
	at org.gradle.execution.taskgraph.DefaultTaskExecutionGraph$BuildOperationAwareExecutionAction.execute(DefaultTaskExecutionGraph.java:314)
	at org.gradle.execution.taskgraph.DefaultTaskExecutionGraph$BuildOperationAwareExecutionAction.execute(DefaultTaskExecutionGraph.java:303)
	at org.gradle.execution.plan.DefaultPlanExecutor$ExecutorWorker.execute(DefaultPlanExecutor.java:463)
	at org.gradle.execution.plan.DefaultPlanExecutor$ExecutorWorker.run(DefaultPlanExecutor.java:380)
	at org.gradle.internal.concurrent.ExecutorPolicy$CatchAndRecordFailures.onExecute(ExecutorPolicy.java:64)
	at org.gradle.internal.concurrent.AbstractManagedExecutor$1.run(AbstractManagedExecutor.java:47)
Caused by: org.gradle.workers.internal.DefaultWorkerExecutor$WorkExecutionException: A failure occurred while executing org.jetbrains.kotlin.compilerRunner.GradleCompilerRunnerWithWorkers$GradleKotlinCompilerWorkAction
	at org.gradle.workers.internal.DefaultWorkerExecutor$WorkItemExecution.waitForCompletion(DefaultWorkerExecutor.java:283)
	at org.gradle.internal.work.DefaultAsyncWorkTracker.lambda$waitForItemsAndGatherFailures$2(DefaultAsyncWorkTracker.java:130)
	at org.gradle.internal.Factories$1.create(Factories.java:31)
	at org.gradle.internal.work.DefaultWorkerLeaseService.withoutLocks(DefaultWorkerLeaseService.java:336)
	at org.gradle.internal.work.DefaultWorkerLeaseService.withoutLocks(DefaultWorkerLeaseService.java:319)
	at org.gradle.internal.work.DefaultWorkerLeaseService.withoutLock(DefaultWorkerLeaseService.java:324)
	at org.gradle.internal.work.DefaultAsyncWorkTracker.waitForItemsAndGatherFailures(DefaultAsyncWorkTracker.java:126)
	at org.gradle.internal.work.DefaultAsyncWorkTracker.waitForItemsAndGatherFailures(DefaultAsyncWorkTracker.java:92)
	at org.gradle.internal.work.DefaultAsyncWorkTracker.waitForAll(DefaultAsyncWorkTracker.java:78)
	at org.gradle.internal.work.DefaultAsyncWorkTracker.waitForCompletion(DefaultAsyncWorkTracker.java:66)
	at org.gradle.api.internal.tasks.execution.TaskExecution$3.run(TaskExecution.java:256)
	at org.gradle.internal.operations.DefaultBuildOperationRunner$1.execute(DefaultBuildOperationRunner.java:29)
	at org.gradle.internal.operations.DefaultBuildOperationRunner$1.execute(DefaultBuildOperationRunner.java:26)
	at org.gradle.internal.operations.DefaultBuildOperationRunner$2.execute(DefaultBuildOperationRunner.java:66)
	at org.gradle.internal.operations.DefaultBuildOperationRunner$2.execute(DefaultBuildOperationRunner.java:59)
	at org.gradle.internal.operations.DefaultBuildOperationRunner.execute(DefaultBuildOperationRunner.java:157)
	at org.gradle.internal.operations.DefaultBuildOperationRunner.execute(DefaultBuildOperationRunner.java:59)
	at org.gradle.internal.operations.DefaultBuildOperationRunner.run(DefaultBuildOperationRunner.java:47)
	at org.gradle.internal.operations.DefaultBuildOperationExecutor.run(DefaultBuildOperationExecutor.java:68)
	at org.gradle.api.internal.tasks.execution.TaskExecution.executeAction(TaskExecution.java:233)
	at org.gradle.api.internal.tasks.execution.TaskExecution.executeActions(TaskExecution.java:216)
	at org.gradle.api.internal.tasks.execution.TaskExecution.executeWithPreviousOutputFiles(TaskExecution.java:199)
	at org.gradle.api.internal.tasks.execution.TaskExecution.execute(TaskExecution.java:166)
	at org.gradle.internal.execution.steps.ExecuteStep.executeInternal(ExecuteStep.java:105)
	at org.gradle.internal.execution.steps.ExecuteStep.access$000(ExecuteStep.java:44)
	at org.gradle.internal.execution.steps.ExecuteStep$1.call(ExecuteStep.java:59)
	at org.gradle.internal.execution.steps.ExecuteStep$1.call(ExecuteStep.java:56)
	at org.gradle.internal.operations.DefaultBuildOperationRunner$CallableBuildOperationWorker.execute(DefaultBuildOperationRunner.java:204)
	at org.gradle.internal.operations.DefaultBuildOperationRunner$CallableBuildOperationWorker.execute(DefaultBuildOperationRunner.java:199)
	at org.gradle.internal.operations.DefaultBuildOperationRunner$2.execute(DefaultBuildOperationRunner.java:66)
	at org.gradle.internal.operations.DefaultBuildOperationRunner$2.execute(DefaultBuildOperationRunner.java:59)
	at org.gradle.internal.operations.DefaultBuildOperationRunner.execute(DefaultBuildOperationRunner.java:157)
	at org.gradle.internal.operations.DefaultBuildOperationRunner.execute(DefaultBuildOperationRunner.java:59)
	at org.gradle.internal.operations.DefaultBuildOperationRunner.call(DefaultBuildOperationRunner.java:53)
	at org.gradle.internal.operations.DefaultBuildOperationExecutor.call(DefaultBuildOperationExecutor.java:73)
	at org.gradle.internal.execution.steps.ExecuteStep.execute(ExecuteStep.java:56)
	at org.gradle.internal.execution.steps.ExecuteStep.execute(ExecuteStep.java:44)
	at org.gradle.internal.execution.steps.RemovePreviousOutputsStep.execute(RemovePreviousOutputsStep.java:67)
	at org.gradle.internal.execution.steps.RemovePreviousOutputsStep.execute(RemovePreviousOutputsStep.java:37)
	at org.gradle.internal.execution.steps.CancelExecutionStep.execute(CancelExecutionStep.java:41)
	at org.gradle.internal.execution.steps.TimeoutStep.executeWithoutTimeout(TimeoutStep.java:74)
	at org.gradle.internal.execution.steps.TimeoutStep.execute(TimeoutStep.java:55)
	at org.gradle.internal.execution.steps.CreateOutputsStep.execute(CreateOutputsStep.java:50)
	at org.gradle.internal.execution.steps.CreateOutputsStep.execute(CreateOutputsStep.java:28)
	at org.gradle.internal.execution.steps.CaptureStateAfterExecutionStep.executeDelegateBroadcastingChanges(CaptureStateAfterExecutionStep.java:100)
	at org.gradle.internal.execution.steps.CaptureStateAfterExecutionStep.execute(CaptureStateAfterExecutionStep.java:72)
	at org.gradle.internal.execution.steps.CaptureStateAfterExecutionStep.execute(CaptureStateAfterExecutionStep.java:50)
	at org.gradle.internal.execution.steps.ResolveInputChangesStep.execute(ResolveInputChangesStep.java:40)
	at org.gradle.internal.execution.steps.ResolveInputChangesStep.execute(ResolveInputChangesStep.java:29)
	at org.gradle.internal.execution.steps.BuildCacheStep.executeWithoutCache(BuildCacheStep.java:179)
	at org.gradle.internal.execution.steps.BuildCacheStep.lambda$execute$1(BuildCacheStep.java:70)
	at org.gradle.internal.Either$Right.fold(Either.java:175)
	at org.gradle.internal.execution.caching.CachingState.fold(CachingState.java:59)
	at org.gradle.internal.execution.steps.BuildCacheStep.execute(BuildCacheStep.java:68)
	at org.gradle.internal.execution.steps.BuildCacheStep.execute(BuildCacheStep.java:46)
	at org.gradle.internal.execution.steps.StoreExecutionStateStep.execute(StoreExecutionStateStep.java:36)
	at org.gradle.internal.execution.steps.StoreExecutionStateStep.execute(StoreExecutionStateStep.java:25)
	at org.gradle.internal.execution.steps.RecordOutputsStep.execute(RecordOutputsStep.java:36)
	at org.gradle.internal.execution.steps.RecordOutputsStep.execute(RecordOutputsStep.java:22)
	at org.gradle.internal.execution.steps.SkipUpToDateStep.executeBecause(SkipUpToDateStep.java:91)
	at org.gradle.internal.execution.steps.SkipUpToDateStep.lambda$execute$2(SkipUpToDateStep.java:55)
	at org.gradle.internal.execution.steps.SkipUpToDateStep.execute(SkipUpToDateStep.java:55)
	at org.gradle.internal.execution.steps.SkipUpToDateStep.execute(SkipUpToDateStep.java:37)
	at org.gradle.internal.execution.steps.ResolveChangesStep.execute(ResolveChangesStep.java:65)
	at org.gradle.internal.execution.steps.ResolveChangesStep.execute(ResolveChangesStep.java:36)
	at org.gradle.internal.execution.steps.legacy.MarkSnapshottingInputsFinishedStep.execute(MarkSnapshottingInputsFinishedStep.java:37)
	at org.gradle.internal.execution.steps.legacy.MarkSnapshottingInputsFinishedStep.execute(MarkSnapshottingInputsFinishedStep.java:27)
	at org.gradle.internal.execution.steps.ResolveCachingStateStep.execute(ResolveCachingStateStep.java:76)
	at org.gradle.internal.execution.steps.ResolveCachingStateStep.execute(ResolveCachingStateStep.java:37)
	at org.gradle.internal.execution.steps.ValidateStep.execute(ValidateStep.java:108)
	at org.gradle.internal.execution.steps.ValidateStep.execute(ValidateStep.java:55)
	at org.gradle.internal.execution.steps.CaptureStateBeforeExecutionStep.execute(CaptureStateBeforeExecutionStep.java:71)
	at org.gradle.internal.execution.steps.CaptureStateBeforeExecutionStep.execute(CaptureStateBeforeExecutionStep.java:45)
	at org.gradle.internal.execution.steps.SkipEmptyWorkStep.executeWithNonEmptySources(SkipEmptyWorkStep.java:177)
	at org.gradle.internal.execution.steps.SkipEmptyWorkStep.execute(SkipEmptyWorkStep.java:86)
	at org.gradle.internal.execution.steps.SkipEmptyWorkStep.execute(SkipEmptyWorkStep.java:53)
	at org.gradle.internal.execution.steps.RemoveUntrackedExecutionStateStep.execute(RemoveUntrackedExecutionStateStep.java:32)
	at org.gradle.internal.execution.steps.RemoveUntrackedExecutionStateStep.execute(RemoveUntrackedExecutionStateStep.java:21)
	at org.gradle.internal.execution.steps.legacy.MarkSnapshottingInputsStartedStep.execute(MarkSnapshottingInputsStartedStep.java:38)
	at org.gradle.internal.execution.steps.LoadPreviousExecutionStateStep.execute(LoadPreviousExecutionStateStep.java:36)
	at org.gradle.internal.execution.steps.LoadPreviousExecutionStateStep.execute(LoadPreviousExecutionStateStep.java:23)
	at org.gradle.internal.execution.steps.CleanupStaleOutputsStep.execute(CleanupStaleOutputsStep.java:75)
	at org.gradle.internal.execution.steps.CleanupStaleOutputsStep.execute(CleanupStaleOutputsStep.java:41)
	at org.gradle.internal.execution.steps.ExecuteWorkBuildOperationFiringStep.lambda$execute$2(ExecuteWorkBuildOperationFiringStep.java:66)
	at org.gradle.internal.execution.steps.ExecuteWorkBuildOperationFiringStep.execute(ExecuteWorkBuildOperationFiringStep.java:66)
	at org.gradle.internal.execution.steps.ExecuteWorkBuildOperationFiringStep.execute(ExecuteWorkBuildOperationFiringStep.java:38)
	at org.gradle.internal.execution.steps.AssignWorkspaceStep.lambda$execute$0(AssignWorkspaceStep.java:32)
	at org.gradle.api.internal.tasks.execution.TaskExecution$4.withWorkspace(TaskExecution.java:293)
	at org.gradle.internal.execution.steps.AssignWorkspaceStep.execute(AssignWorkspaceStep.java:30)
	at org.gradle.internal.execution.steps.AssignWorkspaceStep.execute(AssignWorkspaceStep.java:21)
	at org.gradle.internal.execution.steps.IdentityCacheStep.execute(IdentityCacheStep.java:37)
	at org.gradle.internal.execution.steps.IdentityCacheStep.execute(IdentityCacheStep.java:27)
	at org.gradle.internal.execution.steps.IdentifyStep.execute(IdentifyStep.java:47)
	at org.gradle.internal.execution.steps.IdentifyStep.execute(IdentifyStep.java:34)
	at org.gradle.internal.execution.impl.DefaultExecutionEngine$1.execute(DefaultExecutionEngine.java:64)
	at org.gradle.api.internal.tasks.execution.ExecuteActionsTaskExecuter.executeIfValid(ExecuteActionsTaskExecuter.java:145)
	at org.gradle.api.internal.tasks.execution.ExecuteActionsTaskExecuter.execute(ExecuteActionsTaskExecuter.java:134)
	at org.gradle.api.internal.tasks.execution.FinalizePropertiesTaskExecuter.execute(FinalizePropertiesTaskExecuter.java:46)
	at org.gradle.api.internal.tasks.execution.ResolveTaskExecutionModeExecuter.execute(ResolveTaskExecutionModeExecuter.java:51)
	at org.gradle.api.internal.tasks.execution.SkipTaskWithNoActionsExecuter.execute(SkipTaskWithNoActionsExecuter.java:57)
	at org.gradle.api.internal.tasks.execution.SkipOnlyIfTaskExecuter.execute(SkipOnlyIfTaskExecuter.java:74)
	at org.gradle.api.internal.tasks.execution.CatchExceptionTaskExecuter.execute(CatchExceptionTaskExecuter.java:36)
	at org.gradle.api.internal.tasks.execution.EventFiringTaskExecuter$1.executeTask(EventFiringTaskExecuter.java:77)
	at org.gradle.api.internal.tasks.execution.EventFiringTaskExecuter$1.call(EventFiringTaskExecuter.java:55)
	at org.gradle.api.internal.tasks.execution.EventFiringTaskExecuter$1.call(EventFiringTaskExecuter.java:52)
	at org.gradle.internal.operations.DefaultBuildOperationRunner$CallableBuildOperationWorker.execute(DefaultBuildOperationRunner.java:204)
	at org.gradle.internal.operations.DefaultBuildOperationRunner$CallableBuildOperationWorker.execute(DefaultBuildOperationRunner.java:199)
	at org.gradle.internal.operations.DefaultBuildOperationRunner$2.execute(DefaultBuildOperationRunner.java:66)
	at org.gradle.internal.operations.DefaultBuildOperationRunner$2.execute(DefaultBuildOperationRunner.java:59)
	at org.gradle.internal.operations.DefaultBuildOperationRunner.execute(DefaultBuildOperationRunner.java:157)
	at org.gradle.internal.operations.DefaultBuildOperationRunner.execute(DefaultBuildOperationRunner.java:59)
	at org.gradle.internal.operations.DefaultBuildOperationRunner.call(DefaultBuildOperationRunner.java:53)
	at org.gradle.internal.operations.DefaultBuildOperationExecutor.call(DefaultBuildOperationExecutor.java:73)
	at org.gradle.api.internal.tasks.execution.EventFiringTaskExecuter.execute(EventFiringTaskExecuter.java:52)
	at org.gradle.execution.plan.LocalTaskNodeExecutor.execute(LocalTaskNodeExecutor.java:42)
	at org.gradle.execution.taskgraph.DefaultTaskExecutionGraph$InvokeNodeExecutorsAction.execute(DefaultTaskExecutionGraph.java:331)
	at org.gradle.execution.taskgraph.DefaultTaskExecutionGraph$InvokeNodeExecutorsAction.execute(DefaultTaskExecutionGraph.java:318)
	at org.gradle.execution.taskgraph.DefaultTaskExecutionGraph$BuildOperationAwareExecutionAction.lambda$execute$0(DefaultTaskExecutionGraph.java:314)
	at org.gradle.internal.operations.CurrentBuildOperationRef.with(CurrentBuildOperationRef.java:80)
	at org.gradle.execution.taskgraph.DefaultTaskExecutionGraph$BuildOperationAwareExecutionAction.execute(DefaultTaskExecutionGraph.java:314)
	at org.gradle.execution.taskgraph.DefaultTaskExecutionGraph$BuildOperationAwareExecutionAction.execute(DefaultTaskExecutionGraph.java:303)
	at org.gradle.execution.plan.DefaultPlanExecutor$ExecutorWorker.execute(DefaultPlanExecutor.java:463)
	at org.gradle.execution.plan.DefaultPlanExecutor$ExecutorWorker.run(DefaultPlanExecutor.java:380)
	at org.gradle.internal.concurrent.ExecutorPolicy$CatchAndRecordFailures.onExecute(ExecutorPolicy.java:64)
	at org.gradle.internal.concurrent.AbstractManagedExecutor$1.run(AbstractManagedExecutor.java:47)
Caused by: org.jetbrains.kotlin.gradle.tasks.CompilationErrorException: Compilation error. See log for more details
	at org.jetbrains.kotlin.gradle.tasks.TasksUtilsKt.throwExceptionIfCompilationFailed(tasksUtils.kt:20)
	at org.jetbrains.kotlin.compilerRunner.GradleKotlinCompilerWork.run(GradleKotlinCompilerWork.kt:141)
	at org.jetbrains.kotlin.compilerRunner.GradleCompilerRunnerWithWorkers$GradleKotlinCompilerWorkAction.execute(GradleCompilerRunnerWithWorkers.kt:73)
	at org.gradle.workers.internal.DefaultWorkerServer.execute(DefaultWorkerServer.java:63)
	at org.gradle.workers.internal.NoIsolationWorkerFactory$1$1.create(NoIsolationWorkerFactory.java:66)
	at org.gradle.workers.internal.NoIsolationWorkerFactory$1$1.create(NoIsolationWorkerFactory.java:62)
	at org.gradle.internal.classloader.ClassLoaderUtils.executeInClassloader(ClassLoaderUtils.java:100)
	at org.gradle.workers.internal.NoIsolationWorkerFactory$1.lambda$execute$0(NoIsolationWorkerFactory.java:62)
	at org.gradle.workers.internal.AbstractWorker$1.call(AbstractWorker.java:44)
	at org.gradle.workers.internal.AbstractWorker$1.call(AbstractWorker.java:41)
	at org.gradle.internal.operations.DefaultBuildOperationRunner$CallableBuildOperationWorker.execute(DefaultBuildOperationRunner.java:204)
	at org.gradle.internal.operations.DefaultBuildOperationRunner$CallableBuildOperationWorker.execute(DefaultBuildOperationRunner.java:199)
	at org.gradle.internal.operations.DefaultBuildOperationRunner$2.execute(DefaultBuildOperationRunner.java:66)
	at org.gradle.internal.operations.DefaultBuildOperationRunner$2.execute(DefaultBuildOperationRunner.java:59)
	at org.gradle.internal.operations.DefaultBuildOperationRunner.execute(DefaultBuildOperationRunner.java:157)
	at org.gradle.internal.operations.DefaultBuildOperationRunner.execute(DefaultBuildOperationRunner.java:59)
	at org.gradle.internal.operations.DefaultBuildOperationRunner.call(DefaultBuildOperationRunner.java:53)
	at org.gradle.internal.operations.DefaultBuildOperationExecutor.call(DefaultBuildOperationExecutor.java:73)
	at org.gradle.workers.internal.AbstractWorker.executeWrappedInBuildOperation(AbstractWorker.java:41)
	at org.gradle.workers.internal.NoIsolationWorkerFactory$1.execute(NoIsolationWorkerFactory.java:59)
	at org.gradle.workers.internal.DefaultWorkerExecutor.lambda$submitWork$0(DefaultWorkerExecutor.java:170)
	at org.gradle.internal.work.DefaultConditionalExecutionQueue$ExecutionRunner.runExecution(DefaultConditionalExecutionQueue.java:187)
	at org.gradle.internal.work.DefaultConditionalExecutionQueue$ExecutionRunner.access$700(DefaultConditionalExecutionQueue.java:120)
	at org.gradle.internal.work.DefaultConditionalExecutionQueue$ExecutionRunner$1.run(DefaultConditionalExecutionQueue.java:162)
	at org.gradle.internal.Factories$1.create(Factories.java:31)
	at org.gradle.internal.work.DefaultWorkerLeaseService.withLocks(DefaultWorkerLeaseService.java:264)
	at org.gradle.internal.work.DefaultWorkerLeaseService.runAsWorkerThread(DefaultWorkerLeaseService.java:128)
	at org.gradle.internal.work.DefaultWorkerLeaseService.runAsWorkerThread(DefaultWorkerLeaseService.java:133)
	at org.gradle.internal.work.DefaultConditionalExecutionQueue$ExecutionRunner.runBatch(DefaultConditionalExecutionQueue.java:157)
	at org.gradle.internal.work.DefaultConditionalExecutionQueue$ExecutionRunner.run(DefaultConditionalExecutionQueue.java:126)
	... 2 more


BUILD FAILED in 9s
16 actionable tasks: 2 executed, 14 up-to-date
